<?xml version="1.0" encoding="UTF-8"?>
<testsuite xmlns:xsi="http://www.w3.org/2001/XMLSchema-instance" xsi:noNamespaceSchemaLocation="https://maven.apache.org/surefire/maven-surefire-plugin/xsd/surefire-test-report.xsd" name="jeff.alerting.AlertTest" time="0.032" tests="1" errors="0" skipped="0" failures="0">
  <properties>
    <property name="gopherProxySet" value="false"/>
    <property name="awt.toolkit" value="sun.lwawt.macosx.LWCToolkit"/>
    <property name="file.encoding.pkg" value="sun.io"/>
    <property name="java.specification.version" value="1.8"/>
    <property name="sun.cpu.isalist" value=""/>
    <property name="sun.jnu.encoding" value="UTF-8"/>
    <property name="java.class.path" value="/Users/jefferychiang/Documents/Projects/alerts/web/rest/alert/target/test-classes:/Users/jefferychiang/Documents/Projects/alerts/web/rest/alert/target/classes:/Users/jefferychiang/.m2/repository/javax/servlet/javax.servlet-api/3.1.0/javax.servlet-api-3.1.0.jar:/Users/jefferychiang/.m2/repository/org/glassfish/jersey/containers/jersey-container-servlet-core/2.13/jersey-container-servlet-core-2.13.jar:/Users/jefferychiang/.m2/repository/org/glassfish/hk2/external/javax.inject/2.3.0-b10/javax.inject-2.3.0-b10.jar:/Users/jefferychiang/.m2/repository/org/glassfish/jersey/core/jersey-common/2.13/jersey-common-2.13.jar:/Users/jefferychiang/.m2/repository/javax/annotation/javax.annotation-api/1.2/javax.annotation-api-1.2.jar:/Users/jefferychiang/.m2/repository/org/glassfish/jersey/bundles/repackaged/jersey-guava/2.13/jersey-guava-2.13.jar:/Users/jefferychiang/.m2/repository/org/glassfish/hk2/hk2-api/2.3.0-b10/hk2-api-2.3.0-b10.jar:/Users/jefferychiang/.m2/repository/org/glassfish/hk2/hk2-utils/2.3.0-b10/hk2-utils-2.3.0-b10.jar:/Users/jefferychiang/.m2/repository/org/glassfish/hk2/external/aopalliance-repackaged/2.3.0-b10/aopalliance-repackaged-2.3.0-b10.jar:/Users/jefferychiang/.m2/repository/org/glassfish/hk2/hk2-locator/2.3.0-b10/hk2-locator-2.3.0-b10.jar:/Users/jefferychiang/.m2/repository/org/javassist/javassist/3.18.1-GA/javassist-3.18.1-GA.jar:/Users/jefferychiang/.m2/repository/org/glassfish/hk2/osgi-resource-locator/1.0.1/osgi-resource-locator-1.0.1.jar:/Users/jefferychiang/.m2/repository/org/glassfish/jersey/core/jersey-server/2.13/jersey-server-2.13.jar:/Users/jefferychiang/.m2/repository/org/glassfish/jersey/core/jersey-client/2.13/jersey-client-2.13.jar:/Users/jefferychiang/.m2/repository/javax/validation/validation-api/1.1.0.Final/validation-api-1.1.0.Final.jar:/Users/jefferychiang/.m2/repository/javax/ws/rs/javax.ws.rs-api/2.0.1/javax.ws.rs-api-2.0.1.jar:/Users/jefferychiang/.m2/repository/org/glassfish/jersey/containers/jersey-container-servlet/2.13/jersey-container-servlet-2.13.jar:/Users/jefferychiang/.m2/repository/junit/junit/4.11/junit-4.11.jar:/Users/jefferychiang/.m2/repository/org/hamcrest/hamcrest-core/1.3/hamcrest-core-1.3.jar:"/>
    <property name="java.vm.vendor" value="Oracle Corporation"/>
    <property name="sun.arch.data.model" value="64"/>
    <property name="java.vendor.url" value="http://java.oracle.com/"/>
    <property name="user.timezone" value=""/>
    <property name="java.vm.specification.version" value="1.8"/>
    <property name="os.name" value="Mac OS X"/>
    <property name="user.country" value="US"/>
    <property name="sun.java.launcher" value="SUN_STANDARD"/>
    <property name="sun.boot.library.path" value="/Users/jefferychiang/Documents/Projects/jdk1.8.0_111.jdk/Contents/Home/jre/lib"/>
    <property name="sun.java.command" value="/Users/jefferychiang/Documents/Projects/alerts/web/rest/alert/target/surefire/surefirebooter8514998927590943796.jar /Users/jefferychiang/Documents/Projects/alerts/web/rest/alert/target/surefire 2018-06-08T11-25-37_643-jvmRun1 surefire8877480174260291921tmp surefire_02731073704261630216tmp"/>
    <property name="http.nonProxyHosts" value="local|*.local|169.254/16|*.169.254/16"/>
    <property name="surefire.test.class.path" value="/Users/jefferychiang/Documents/Projects/alerts/web/rest/alert/target/test-classes:/Users/jefferychiang/Documents/Projects/alerts/web/rest/alert/target/classes:/Users/jefferychiang/.m2/repository/javax/servlet/javax.servlet-api/3.1.0/javax.servlet-api-3.1.0.jar:/Users/jefferychiang/.m2/repository/org/glassfish/jersey/containers/jersey-container-servlet-core/2.13/jersey-container-servlet-core-2.13.jar:/Users/jefferychiang/.m2/repository/org/glassfish/hk2/external/javax.inject/2.3.0-b10/javax.inject-2.3.0-b10.jar:/Users/jefferychiang/.m2/repository/org/glassfish/jersey/core/jersey-common/2.13/jersey-common-2.13.jar:/Users/jefferychiang/.m2/repository/javax/annotation/javax.annotation-api/1.2/javax.annotation-api-1.2.jar:/Users/jefferychiang/.m2/repository/org/glassfish/jersey/bundles/repackaged/jersey-guava/2.13/jersey-guava-2.13.jar:/Users/jefferychiang/.m2/repository/org/glassfish/hk2/hk2-api/2.3.0-b10/hk2-api-2.3.0-b10.jar:/Users/jefferychiang/.m2/repository/org/glassfish/hk2/hk2-utils/2.3.0-b10/hk2-utils-2.3.0-b10.jar:/Users/jefferychiang/.m2/repository/org/glassfish/hk2/external/aopalliance-repackaged/2.3.0-b10/aopalliance-repackaged-2.3.0-b10.jar:/Users/jefferychiang/.m2/repository/org/glassfish/hk2/hk2-locator/2.3.0-b10/hk2-locator-2.3.0-b10.jar:/Users/jefferychiang/.m2/repository/org/javassist/javassist/3.18.1-GA/javassist-3.18.1-GA.jar:/Users/jefferychiang/.m2/repository/org/glassfish/hk2/osgi-resource-locator/1.0.1/osgi-resource-locator-1.0.1.jar:/Users/jefferychiang/.m2/repository/org/glassfish/jersey/core/jersey-server/2.13/jersey-server-2.13.jar:/Users/jefferychiang/.m2/repository/org/glassfish/jersey/core/jersey-client/2.13/jersey-client-2.13.jar:/Users/jefferychiang/.m2/repository/javax/validation/validation-api/1.1.0.Final/validation-api-1.1.0.Final.jar:/Users/jefferychiang/.m2/repository/javax/ws/rs/javax.ws.rs-api/2.0.1/javax.ws.rs-api-2.0.1.jar:/Users/jefferychiang/.m2/repository/org/glassfish/jersey/containers/jersey-container-servlet/2.13/jersey-container-servlet-2.13.jar:/Users/jefferychiang/.m2/repository/junit/junit/4.11/junit-4.11.jar:/Users/jefferychiang/.m2/repository/org/hamcrest/hamcrest-core/1.3/hamcrest-core-1.3.jar:"/>
    <property name="sun.cpu.endian" value="little"/>
    <property name="user.home" value="/Users/jefferychiang"/>
    <property name="user.language" value="en"/>
    <property name="java.specification.vendor" value="Oracle Corporation"/>
    <property name="java.home" value="/Users/jefferychiang/Documents/Projects/jdk1.8.0_111.jdk/Contents/Home/jre"/>
    <property name="basedir" value="/Users/jefferychiang/Documents/Projects/alerts/web/rest/alert"/>
    <property name="file.separator" value="/"/>
    <property name="line.separator" value="&#10;"/>
    <property name="java.vm.specification.vendor" value="Oracle Corporation"/>
    <property name="java.specification.name" value="Java Platform API Specification"/>
    <property name="java.awt.graphicsenv" value="sun.awt.CGraphicsEnvironment"/>
    <property name="surefire.real.class.path" value="/Users/jefferychiang/Documents/Projects/alerts/web/rest/alert/target/surefire/surefirebooter8514998927590943796.jar"/>
    <property name="sun.boot.class.path" value="/Users/jefferychiang/Documents/Projects/jdk1.8.0_111.jdk/Contents/Home/jre/lib/resources.jar:/Users/jefferychiang/Documents/Projects/jdk1.8.0_111.jdk/Contents/Home/jre/lib/rt.jar:/Users/jefferychiang/Documents/Projects/jdk1.8.0_111.jdk/Contents/Home/jre/lib/sunrsasign.jar:/Users/jefferychiang/Documents/Projects/jdk1.8.0_111.jdk/Contents/Home/jre/lib/jsse.jar:/Users/jefferychiang/Documents/Projects/jdk1.8.0_111.jdk/Contents/Home/jre/lib/jce.jar:/Users/jefferychiang/Documents/Projects/jdk1.8.0_111.jdk/Contents/Home/jre/lib/charsets.jar:/Users/jefferychiang/Documents/Projects/jdk1.8.0_111.jdk/Contents/Home/jre/lib/jfr.jar:/Users/jefferychiang/Documents/Projects/jdk1.8.0_111.jdk/Contents/Home/jre/classes"/>
    <property name="sun.management.compiler" value="HotSpot 64-Bit Tiered Compilers"/>
    <property name="ftp.nonProxyHosts" value="local|*.local|169.254/16|*.169.254/16"/>
    <property name="java.runtime.version" value="1.8.0_111-b14"/>
    <property name="user.name" value="jefferychiang"/>
    <property name="path.separator" value=":"/>
    <property name="os.version" value="10.13.1"/>
    <property name="java.endorsed.dirs" value="/Users/jefferychiang/Documents/Projects/jdk1.8.0_111.jdk/Contents/Home/jre/lib/endorsed"/>
    <property name="java.runtime.name" value="Java(TM) SE Runtime Environment"/>
    <property name="file.encoding" value="UTF-8"/>
    <property name="java.vm.name" value="Java HotSpot(TM) 64-Bit Server VM"/>
    <property name="localRepository" value="/Users/jefferychiang/.m2/repository"/>
    <property name="java.vendor.url.bug" value="http://bugreport.sun.com/bugreport/"/>
    <property name="java.io.tmpdir" value="/var/folders/1j/vr1x71d55m143x9zkfhfmp9r0000gn/T/"/>
    <property name="java.version" value="1.8.0_111"/>
    <property name="user.dir" value="/Users/jefferychiang/Documents/Projects/alerts/web/rest/alert"/>
    <property name="os.arch" value="x86_64"/>
    <property name="java.vm.specification.name" value="Java Virtual Machine Specification"/>
    <property name="java.awt.printerjob" value="sun.lwawt.macosx.CPrinterJob"/>
    <property name="sun.os.patch.level" value="unknown"/>
    <property name="java.library.path" value="/Users/jefferychiang/Library/Java/Extensions:/Library/Java/Extensions:/Network/Library/Java/Extensions:/System/Library/Java/Extensions:/usr/lib/java:."/>
    <property name="java.vm.info" value="mixed mode"/>
    <property name="java.vendor" value="Oracle Corporation"/>
    <property name="java.vm.version" value="25.111-b14"/>
    <property name="java.ext.dirs" value="/Users/jefferychiang/Library/Java/Extensions:/Users/jefferychiang/Documents/Projects/jdk1.8.0_111.jdk/Contents/Home/jre/lib/ext:/Library/Java/Extensions:/Network/Library/Java/Extensions:/System/Library/Java/Extensions:/usr/lib/java"/>
    <property name="sun.io.unicode.encoding" value="UnicodeBig"/>
    <property name="java.class.version" value="52.0"/>
    <property name="socksNonProxyHosts" value="local|*.local|169.254/16|*.169.254/16"/>
  </properties>
  <testcase name="shouldAnswerWithTrue" classname="jeff.alerting.AlertTest" time="0.002"/>
</testsuite>